#
# A fatal error has been detected by the Java Runtime Environment:
#
#  EXCEPTION_STACK_OVERFLOW (0xc00000fd) at pc=0x77531096, pid=9012, tid=5140
#
# JRE version: Java(TM) SE Runtime Environment (7.0_79-b15) (build 1.7.0_79-b15)
# Java VM: Java HotSpot(TM) Client VM (24.79-b02 mixed mode, sharing windows-x86 )
# Problematic frame:
# C  [KERNELBASE.dll+0x1096]
#
# Failed to write core dump. Minidumps are not enabled by default on client versions of Windows
#
# If you would like to submit a bug report, please visit:
#   http://bugreport.java.com/bugreport/crash.jsp
# The crash happened outside the Java Virtual Machine in native code.
# See problematic frame for where to report the bug.
#

---------------  T H R E A D  ---------------

Current thread (0x04f35000):  JavaThread "AWT-EventQueue-0" [_thread_in_native, id=5140, stack(0x05bc0000,0x05c10000)]

siginfo: ExceptionCode=0xc00000fd, ExceptionInformation=0x00000001 0x05bc0ffc 

Registers:
EAX=0x00ca0850, EBX=0x00000000, ECX=0x00000024, EDX=0x05bc1040
ESP=0x05bc1000, EBP=0x05bc2b24, ESI=0x00000030, EDI=0x00000000
EIP=0x77531096, EFLAGS=0x00010246

Top of Stack: (sp=0x05bc1000)
0x05bc1000:   77547e40 7753ee5c 7753eed8 00000018
0x05bc1010:   76ebdb22 00000998 06b0bac2 00000030
0x05bc1020:   05bc1040 00000000 00000001 00000000
0x05bc1030:   00000000 00000030 00000000 7753eed3
0x05bc1040:   bda6de33 00000000 00000000 00000000
0x05bc1050:   00000000 00000024 00000000 00000030
0x05bc1060:   05bc1040 00000001 06b0bac2 77547e40
0x05bc1070:   cf492093 fffffffe 7753eed3 76ebdb22 

Instructions: (pc=0x77531096)
0x77531076:   27 00 00 8b c2 f7 e1 8b c8 8b c2 f7 d9 89 0e 83
0x77531086:   d0 00 f7 d8 89 46 04 8b c6 5e c3 68 40 7e 54 77
0x77531096:   64 ff 35 00 00 00 00 8b 44 24 10 89 6c 24 10 8d
0x775310a6:   6c 24 10 2b e0 53 56 57 a1 68 3b 5f 77 31 45 fc 


Register to memory mapping:

EAX=0x00ca0850 is an unknown value
EBX=0x00000000 is an unknown value
ECX=0x00000024 is an unknown value
EDX=0x05bc1040 is pointing into the stack for thread: 0x04f35000
ESP=0x05bc1000 is pointing into the stack for thread: 0x04f35000
EBP=0x05bc2b24 is pointing into the stack for thread: 0x04f35000
ESI=0x00000030 is an unknown value
EDI=0x00000000 is an unknown value


Stack: [0x05bc0000,0x05c10000],  sp=0x05bc1000,  free space=4k
Native frames: (J=compiled Java code, j=interpreted, Vv=VM code, C=native code)
C  [KERNELBASE.dll+0x1096]
C  [msvcrt.dll+0xda0e]

Java frames: (J=compiled Java code, j=interpreted, Vv=VM code)
j  jpl.fli.Prolog.attach_pool_engine()Ljpl/fli/engine_t;+0
j  jpl.Query.open()V+25
j  jpl.Util.textToTerm(Ljava/lang/String;)Ljpl/Term;+57
j  jpl.Query.<init>(Ljava/lang/String;)V+2
j  frsf.cidisi.faia.agent.PrologConnector.query(Ljava/lang/String;)[Ljava/util/Hashtable;+5
j  frsf.cidisi.faia.agent.situationcalculus.KnowledgeBase.query(Ljava/lang/String;)[Ljava/util/Hashtable;+5
j  frsf.cidisi.faia.agent.situationcalculus.KnowledgeBase.getSituation()I+25
j  frsf.cidisi.exercise.situationCalculus.StateDrone.getPosicionActual()Ljava/awt/Point;+10
j  frsf.ia.tp.paqueteGrafico.UIMapa.paint(Ljava/awt/Graphics;)V+45
j  sun.awt.RepaintArea.paintComponent(Ljava/awt/Component;Ljava/awt/Graphics;)V+6
j  sun.awt.RepaintArea.paint(Ljava/lang/Object;Z)V+326
j  sun.awt.windows.WComponentPeer.handleEvent(Ljava/awt/AWTEvent;)V+155
j  java.awt.Component.dispatchEventImpl(Ljava/awt/AWTEvent;)V+869
j  java.awt.Component.dispatchEvent(Ljava/awt/AWTEvent;)V+2
j  java.awt.EventQueue.dispatchEventImpl(Ljava/awt/AWTEvent;Ljava/lang/Object;)V+41
j  java.awt.EventQueue.access$300(Ljava/awt/EventQueue;Ljava/awt/AWTEvent;Ljava/lang/Object;)V+3
j  java.awt.EventQueue$3.run()Ljava/lang/Void;+12
j  java.awt.EventQueue$3.run()Ljava/lang/Object;+1
v  ~StubRoutines::call_stub
j  java.security.AccessController.doPrivileged(Ljava/security/PrivilegedAction;Ljava/security/AccessControlContext;)Ljava/lang/Object;+0
j  java.security.ProtectionDomain$1.doIntersectionPrivilege(Ljava/security/PrivilegedAction;Ljava/security/AccessControlContext;Ljava/security/AccessControlContext;)Ljava/lang/Object;+28
j  java.security.ProtectionDomain$1.doIntersectionPrivilege(Ljava/security/PrivilegedAction;Ljava/security/AccessControlContext;)Ljava/lang/Object;+6
j  java.awt.EventQueue$4.run()Ljava/lang/Void;+11
j  java.awt.EventQueue$4.run()Ljava/lang/Object;+1
v  ~StubRoutines::call_stub
j  java.security.AccessController.doPrivileged(Ljava/security/PrivilegedAction;Ljava/security/AccessControlContext;)Ljava/lang/Object;+0
j  java.security.ProtectionDomain$1.doIntersectionPrivilege(Ljava/security/PrivilegedAction;Ljava/security/AccessControlContext;Ljava/security/AccessControlContext;)Ljava/lang/Object;+28
j  java.awt.EventQueue.dispatchEvent(Ljava/awt/AWTEvent;)V+73
J 269 C1 java.awt.EventDispatchThread.pumpOneEventForFilters(I)V (295 bytes) @ 0x02986a2c [0x02986390+0x69c]
j  java.awt.EventDispatchThread.pumpEventsForFilter(ILjava/awt/Conditional;Ljava/awt/EventFilter;)V+35
j  java.awt.EventDispatchThread.pumpEventsForHierarchy(ILjava/awt/Conditional;Ljava/awt/Component;)V+11
j  java.awt.EventDispatchThread.pumpEvents(ILjava/awt/Conditional;)V+4
j  java.awt.EventDispatchThread.pumpEvents(Ljava/awt/Conditional;)V+3
j  java.awt.EventDispatchThread.run()V+9
v  ~StubRoutines::call_stub

---------------  P R O C E S S  ---------------

Java Threads: ( => current thread )
  0x05093c00 JavaThread "Swing-Shell" daemon [_thread_blocked, id=7208, stack(0x06620000,0x06670000)]
  0x0506d800 JavaThread "TimerQueue" daemon [_thread_blocked, id=4200, stack(0x06590000,0x065e0000)]
  0x05064800 JavaThread "Image Fetcher 0" daemon [_thread_blocked, id=7864, stack(0x063b0000,0x06400000)]
  0x04f7a400 JavaThread "Image Fetcher 3" daemon [_thread_blocked, id=5636, stack(0x06320000,0x06370000)]
=>0x04f35000 JavaThread "AWT-EventQueue-0" [_thread_in_native, id=5140, stack(0x05bc0000,0x05c10000)]
  0x0283dc00 JavaThread "AWT-Windows" daemon [_thread_in_native, id=8592, stack(0x05710000,0x05760000)]
  0x0283c400 JavaThread "AWT-Shutdown" [_thread_blocked, id=7944, stack(0x05680000,0x056d0000)]
  0x0283c000 JavaThread "Java2D Disposer" daemon [_thread_blocked, id=4192, stack(0x055f0000,0x05640000)]
  0x027d5400 JavaThread "Service Thread" daemon [_thread_blocked, id=8232, stack(0x04dd0000,0x04e20000)]
  0x027d3800 JavaThread "C1 CompilerThread0" daemon [_thread_blocked, id=5472, stack(0x04d40000,0x04d90000)]
  0x027d1000 JavaThread "Attach Listener" daemon [_thread_blocked, id=8848, stack(0x04cb0000,0x04d00000)]
  0x027cf000 JavaThread "Signal Dispatcher" daemon [_thread_blocked, id=8412, stack(0x04c20000,0x04c70000)]
  0x02760c00 JavaThread "Finalizer" daemon [_thread_blocked, id=5820, stack(0x04b90000,0x04be0000)]
  0x0275f400 JavaThread "Reference Handler" daemon [_thread_blocked, id=9032, stack(0x04b00000,0x04b50000)]
  0x0256bc00 JavaThread "main" [_thread_blocked, id=5256, stack(0x026e0000,0x02730000)]

Other Threads:
  0x0275dc00 VMThread [stack: 0x04a70000,0x04ac0000] [id=7396]
  0x027ef400 WatcherThread [stack: 0x04e60000,0x04eb0000] [id=5560]

VM state:not at safepoint (normal execution)

VM Mutex/Monitor currently owned by a thread: None

Heap
 def new generation   total 4928K, used 2360K [0x24400000, 0x24950000, 0x29950000)
  eden space 4416K,  43% used [0x24400000, 0x245dcb90, 0x24850000)
  from space 512K,  88% used [0x248d0000, 0x24941558, 0x24950000)
  to   space 512K,   0% used [0x24850000, 0x24850000, 0x248d0000)
 tenured generation   total 10944K, used 4506K [0x29950000, 0x2a400000, 0x34400000)
   the space 10944K,  41% used [0x29950000, 0x29db6a78, 0x29db6c00, 0x2a400000)
 compacting perm gen  total 12288K, used 1843K [0x34400000, 0x35000000, 0x38400000)
   the space 12288K,  14% used [0x34400000, 0x345ccc98, 0x345cce00, 0x35000000)
    ro space 10240K,  42% used [0x38400000, 0x38836058, 0x38836200, 0x38e00000)
    rw space 12288K,  51% used [0x38e00000, 0x3943bdb0, 0x3943be00, 0x39a00000)

Card table byte_map: [0x04900000,0x049b0000] byte_map_base: 0x047de000

Polling page: 0x025b0000

Code Cache  [0x02880000, 0x029a8000, 0x04880000)
 total_blobs=578 nmethods=348 adapters=167 free_code_cache=31607Kb largest_free_block=32366016

Compilation events (10 events):
Event: 6.924 Thread 0x027d3800  344             java.util.IdentityHashMap::maskNull (12 bytes)
Event: 6.924 Thread 0x027d3800 nmethod 344 0x029a0e08 code [0x029a0f00, 0x029a0f80]
Event: 6.924 Thread 0x027d3800  345             java.util.IdentityHashMap::hash (18 bytes)
Event: 6.925 Thread 0x027d3800 nmethod 345 0x029a0fc8 code [0x029a10c0, 0x029a115c]
Event: 6.925 Thread 0x027d3800  346             java.util.IdentityHashMap::get (60 bytes)
Event: 6.925 Thread 0x027d3800 nmethod 346 0x029a11c8 code [0x029a12d0, 0x029a140c]
Event: 6.926 Thread 0x027d3800  347             java.awt.Component::getHWPeerAboveMe (90 bytes)
Event: 6.928 Thread 0x027d3800 nmethod 347 0x029a1548 code [0x029a1720, 0x029a1b7c]
Event: 6.929 Thread 0x027d3800  348             java.awt.Container::countComponents (10 bytes)
Event: 6.930 Thread 0x027d3800 nmethod 348 0x029a2048 code [0x029a2150, 0x029a21ec]

GC Heap History (6 events):
Event: 0.259 GC heap before
{Heap before GC invocations=0 (full 0):
 def new generation   total 4928K, used 1866K [0x24400000, 0x24950000, 0x29950000)
  eden space 4416K,  42% used [0x24400000, 0x245d2b88, 0x24850000)
  from space 512K,   0% used [0x24850000, 0x24850000, 0x248d0000)
  to   space 512K,   0% used [0x248d0000, 0x248d0000, 0x24950000)
 tenured generation   total 10944K, used 0K [0x29950000, 0x2a400000, 0x34400000)
   the space 10944K,   0% used [0x29950000, 0x29950000, 0x29950200, 0x2a400000)
 compacting perm gen  total 12288K, used 798K [0x34400000, 0x35000000, 0x38400000)
   the space 12288K,   6% used [0x34400000, 0x344c7830, 0x344c7a00, 0x35000000)
    ro space 10240K,  42% used [0x38400000, 0x38836058, 0x38836200, 0x38e00000)
    rw space 12288K,  51% used [0x38e00000, 0x3943bdb0, 0x3943be00, 0x39a00000)
Event: 0.266 GC heap after
Heap after GC invocations=1 (full 0):
 def new generation   total 4928K, used 512K [0x24400000, 0x24950000, 0x29950000)
  eden space 4416K,   0% used [0x24400000, 0x24400000, 0x24850000)
  from space 512K, 100% used [0x248d0000, 0x24950000, 0x24950000)
  to   space 512K,   0% used [0x24850000, 0x24850000, 0x248d0000)
 tenured generation   total 10944K, used 171K [0x29950000, 0x2a400000, 0x34400000)
   the space 10944K,   1% used [0x29950000, 0x2997af18, 0x2997b000, 0x2a400000)
 compacting perm gen  total 12288K, used 798K [0x34400000, 0x35000000, 0x38400000)
   the space 12288K,   6% used [0x34400000, 0x344c7830, 0x344c7a00, 0x35000000)
    ro space 10240K,  42% used [0x38400000, 0x38836058, 0x38836200, 0x38e00000)
    rw space 12288K,  51% used [0x38e00000, 0x3943bdb0, 0x3943be00, 0x39a00000)
}
Event: 0.326 GC heap before
{Heap before GC invocations=1 (full 0):
 def new generation   total 4928K, used 4753K [0x24400000, 0x24950000, 0x29950000)
  eden space 4416K,  96% used [0x24400000, 0x24824780, 0x24850000)
  from space 512K, 100% used [0x248d0000, 0x24950000, 0x24950000)
  to   space 512K,   0% used [0x24850000, 0x24850000, 0x248d0000)
 tenured generation   total 10944K, used 171K [0x29950000, 0x2a400000, 0x34400000)
   the space 10944K,   1% used [0x29950000, 0x2997af18, 0x2997b000, 0x2a400000)
 compacting perm gen  total 12288K, used 1062K [0x34400000, 0x35000000, 0x38400000)
   the space 12288K,   8% used [0x34400000, 0x34509b20, 0x34509c00, 0x35000000)
    ro space 10240K,  42% used [0x38400000, 0x38836058, 0x38836200, 0x38e00000)
    rw space 12288K,  51% used [0x38e00000, 0x3943bdb0, 0x3943be00, 0x39a00000)
Event: 0.333 GC heap after
Heap after GC invocations=2 (full 0):
 def new generation   total 4928K, used 221K [0x24400000, 0x24950000, 0x29950000)
  eden space 4416K,   0% used [0x24400000, 0x24400000, 0x24850000)
  from space 512K,  43% used [0x24850000, 0x24887508, 0x248d0000)
  to   space 512K,   0% used [0x248d0000, 0x248d0000, 0x24950000)
 tenured generation   total 10944K, used 3623K [0x29950000, 0x2a400000, 0x34400000)
   the space 10944K,  33% used [0x29950000, 0x29cd9f28, 0x29cda000, 0x2a400000)
 compacting perm gen  total 12288K, used 1062K [0x34400000, 0x35000000, 0x38400000)
   the space 12288K,   8% used [0x34400000, 0x34509b20, 0x34509c00, 0x35000000)
    ro space 10240K,  42% used [0x38400000, 0x38836058, 0x38836200, 0x38e00000)
    rw space 12288K,  51% used [0x38e00000, 0x3943bdb0, 0x3943be00, 0x39a00000)
}
Event: 5.944 GC heap before
{Heap before GC invocations=2 (full 0):
 def new generation   total 4928K, used 4637K [0x24400000, 0x24950000, 0x29950000)
  eden space 4416K, 100% used [0x24400000, 0x24850000, 0x24850000)
  from space 512K,  43% used [0x24850000, 0x24887508, 0x248d0000)
  to   space 512K,   0% used [0x248d0000, 0x248d0000, 0x24950000)
 tenured generation   total 10944K, used 3623K [0x29950000, 0x2a400000, 0x34400000)
   the space 10944K,  33% used [0x29950000, 0x29cd9f28, 0x29cda000, 0x2a400000)
 compacting perm gen  total 12288K, used 1702K [0x34400000, 0x35000000, 0x38400000)
   the space 12288K,  13% used [0x34400000, 0x345a99f8, 0x345a9a00, 0x35000000)
    ro space 10240K,  42% used [0x38400000, 0x38836058, 0x38836200, 0x38e00000)
    rw space 12288K,  51% used [0x38e00000, 0x3943bdb0, 0x3943be00, 0x39a00000)
Event: 5.948 GC heap after
Heap after GC invocations=3 (full 0):
 def new generation   total 4928K, used 453K [0x24400000, 0x24950000, 0x29950000)
  eden space 4416K,   0% used [0x24400000, 0x24400000, 0x24850000)
  from space 512K,  88% used [0x248d0000, 0x24941558, 0x24950000)
  to   space 512K,   0% used [0x24850000, 0x24850000, 0x248d0000)
 tenured generation   total 10944K, used 4506K [0x29950000, 0x2a400000, 0x34400000)
   the space 10944K,  41% used [0x29950000, 0x29db6a78, 0x29db6c00, 0x2a400000)
 compacting perm gen  total 12288K, used 1702K [0x34400000, 0x35000000, 0x38400000)
   the space 12288K,  13% used [0x34400000, 0x345a99f8, 0x345a9a00, 0x35000000)
    ro space 10240K,  42% used [0x38400000, 0x38836058, 0x38836200, 0x38e00000)
    rw space 12288K,  51% used [0x38e00000, 0x3943bdb0, 0x3943be00, 0x39a00000)
}

Deoptimization events (0 events):
No events

Internal exceptions (10 events):
Event: 6.880 Thread 0x0256bc00 Threw 0x244f5f98 at C:\re\jdk7u79\2331\hotspot\src\share\vm\prims\jvm.cpp:1304
Event: 6.881 Thread 0x0256bc00 Threw 0x244f85f0 at C:\re\jdk7u79\2331\hotspot\src\share\vm\prims\jvm.cpp:1304
Event: 6.882 Thread 0x0256bc00 Threw 0x244faaf0 at C:\re\jdk7u79\2331\hotspot\src\share\vm\prims\jvm.cpp:1304
Event: 6.882 Thread 0x0256bc00 Threw 0x244fe298 at C:\re\jdk7u79\2331\hotspot\src\share\vm\prims\jvm.cpp:1304
Event: 6.887 Thread 0x0256bc00 Threw 0x24532d08 at C:\re\jdk7u79\2331\hotspot\src\share\vm\prims\jvm.cpp:1304
Event: 6.900 Thread 0x0256bc00 Threw 0x24536358 at C:\re\jdk7u79\2331\hotspot\src\share\vm\prims\jvm.cpp:1304
Event: 6.901 Thread 0x0256bc00 Threw 0x24538d10 at C:\re\jdk7u79\2331\hotspot\src\share\vm\prims\jvm.cpp:1304
Event: 6.902 Thread 0x0256bc00 Threw 0x2453a5f0 at C:\re\jdk7u79\2331\hotspot\src\share\vm\prims\jvm.cpp:1304
Event: 6.903 Thread 0x0256bc00 Threw 0x2453cc20 at C:\re\jdk7u79\2331\hotspot\src\share\vm\prims\jvm.cpp:1304
Event: 6.903 Thread 0x0256bc00 Threw 0x2453f238 at C:\re\jdk7u79\2331\hotspot\src\share\vm\prims\jvm.cpp:1304

Events (10 events):
Event: 6.926 Executing VM operation: RevokeBias
Event: 6.926 Executing VM operation: RevokeBias done
Event: 6.926 Executing VM operation: RevokeBias
Event: 6.926 Executing VM operation: RevokeBias done
Event: 6.929 Executing VM operation: RevokeBias
Event: 6.929 Executing VM operation: RevokeBias done
Event: 6.929 Executing VM operation: RevokeBias
Event: 6.929 Executing VM operation: RevokeBias done
Event: 6.929 Executing VM operation: RevokeBias
Event: 6.929 Executing VM operation: RevokeBias done


Dynamic libraries:
0x00b10000 - 0x00b3f000 	C:\Program Files (x86)\Java\jre7\bin\javaw.exe
0x77a90000 - 0x77bfe000 	C:\Windows\SYSTEM32\ntdll.dll
0x75650000 - 0x75790000 	C:\Windows\SYSTEM32\KERNEL32.DLL
0x77530000 - 0x77607000 	C:\Windows\SYSTEM32\KERNELBASE.dll
0x70c00000 - 0x70ca0000 	C:\Windows\system32\apphelp.dll
0x53360000 - 0x535c6000 	C:\Windows\AppPatch\AcGenral.DLL
0x76eb0000 - 0x76f73000 	C:\Windows\SYSTEM32\msvcrt.dll
0x770a0000 - 0x770e1000 	C:\Windows\SYSTEM32\sechost.dll
0x75290000 - 0x752ae000 	C:\Windows\SYSTEM32\SspiCli.dll
0x77970000 - 0x779b5000 	C:\Windows\SYSTEM32\SHLWAPI.dll
0x70ab0000 - 0x70b9d000 	C:\Windows\SYSTEM32\UxTheme.dll
0x76d50000 - 0x76ea3000 	C:\Windows\SYSTEM32\USER32.dll
0x77380000 - 0x7748e000 	C:\Windows\SYSTEM32\GDI32.dll
0x70e90000 - 0x70eb3000 	C:\Windows\SYSTEM32\WINMM.dll
0x71dd0000 - 0x71de3000 	C:\Windows\SYSTEM32\samcli.dll
0x77610000 - 0x77738000 	C:\Windows\SYSTEM32\ole32.dll
0x77740000 - 0x777d5000 	C:\Windows\SYSTEM32\OLEAUT32.dll
0x57a90000 - 0x57aa7000 	C:\Windows\SYSTEM32\MSACM32.dll
0x745f0000 - 0x745f8000 	C:\Windows\SYSTEM32\VERSION.dll
0x75940000 - 0x76bec000 	C:\Windows\SYSTEM32\SHELL32.dll
0x732d0000 - 0x732eb000 	C:\Windows\SYSTEM32\USERENV.dll
0x70a90000 - 0x70aaa000 	C:\Windows\SYSTEM32\dwmapi.dll
0x73850000 - 0x7399a000 	C:\Windows\SYSTEM32\urlmon.dll
0x77490000 - 0x7750c000 	C:\Windows\SYSTEM32\ADVAPI32.dll
0x72150000 - 0x721b5000 	C:\Windows\SYSTEM32\WINSPOOL.DRV
0x6dfd0000 - 0x6dfe6000 	C:\Windows\SYSTEM32\MPR.dll
0x76f80000 - 0x7703a000 	C:\Windows\SYSTEM32\RPCRT4.dll
0x75280000 - 0x7528a000 	C:\Windows\SYSTEM32\CRYPTBASE.dll
0x75790000 - 0x7590d000 	C:\Windows\SYSTEM32\combase.dll
0x70e60000 - 0x70e83000 	C:\Windows\SYSTEM32\WINMMBASE.dll
0x732c0000 - 0x732cf000 	C:\Windows\SYSTEM32\profapi.dll
0x734e0000 - 0x73712000 	C:\Windows\SYSTEM32\iertutil.dll
0x732f0000 - 0x734d4000 	C:\Windows\SYSTEM32\WININET.dll
0x75220000 - 0x75274000 	C:\Windows\SYSTEM32\bcryptPrimitives.dll
0x76bf0000 - 0x76c2c000 	C:\Windows\SYSTEM32\cfgmgr32.dll
0x722a0000 - 0x722c1000 	C:\Windows\SYSTEM32\DEVOBJ.dll
0x75190000 - 0x7521b000 	C:\Windows\SYSTEM32\SHCORE.DLL
0x75910000 - 0x75937000 	C:\Windows\system32\IMM32.DLL
0x76c30000 - 0x76d42000 	C:\Windows\SYSTEM32\MSCTF.dll
0x714d0000 - 0x716d6000 	C:\Windows\WinSxS\x86_microsoft.windows.common-controls_6595b64144ccf1df_6.0.9600.17810_none_a9edf09f013934e0\COMCTL32.dll
0x72ff0000 - 0x7306d000 	C:\Program Files (x86)\AVG\AVG2015\avghookx.dll
0x532a0000 - 0x5335f000 	C:\Program Files (x86)\Java\jre7\bin\msvcr100.dll
0x52f10000 - 0x53299000 	C:\Program Files (x86)\Java\jre7\bin\client\jvm.dll
0x719b0000 - 0x719b8000 	C:\Windows\SYSTEM32\WSOCK32.dll
0x77510000 - 0x77516000 	C:\Windows\SYSTEM32\PSAPI.DLL
0x75420000 - 0x75470000 	C:\Windows\SYSTEM32\WS2_32.dll
0x77520000 - 0x77527000 	C:\Windows\SYSTEM32\NSI.dll
0x5bde0000 - 0x5bdec000 	C:\Program Files (x86)\Java\jre7\bin\verify.dll
0x5a480000 - 0x5a4a0000 	C:\Program Files (x86)\Java\jre7\bin\java.dll
0x5a460000 - 0x5a473000 	C:\Program Files (x86)\Java\jre7\bin\zip.dll
0x52600000 - 0x52743000 	C:\Program Files (x86)\Java\jre7\bin\awt.dll
0x75180000 - 0x75189000 	C:\Windows\SYSTEM32\kernel.appcore.dll
0x5a420000 - 0x5a459000 	C:\Program Files (x86)\Java\jre7\bin\fontmanager.dll
0x5a400000 - 0x5a414000 	C:\Program Files (x86)\Java\jre7\bin\net.dll
0x722f0000 - 0x7233b000 	C:\Windows\system32\mswsock.dll
0x5bd30000 - 0x5bd3f000 	C:\Program Files (x86)\Java\jre7\bin\nio.dll
0x571e0000 - 0x57210000 	C:\Program Files (x86)\Java\jre7\bin\t2k.dll
0x75470000 - 0x754fd000 	C:\Windows\SYSTEM32\clbcatq.dll
0x70890000 - 0x709fb000 	C:\Windows\SYSTEM32\WindowsCodecs.dll
0x750e0000 - 0x750f9000 	C:\Windows\SYSTEM32\CRYPTSP.dll
0x750b0000 - 0x750e0000 	C:\Windows\system32\rsaenh.dll
0x75090000 - 0x750ae000 	C:\Windows\SYSTEM32\bcrypt.dll
0x6ac30000 - 0x6acb9000 	C:\Windows\WinSxS\x86_microsoft.windows.common-controls_6595b64144ccf1df_5.82.9600.17810_none_7c5b6194aa0716f1\comctl32.dll
0x6fb90000 - 0x6fcca000 	C:\Windows\SYSTEM32\PROPSYS.dll
0x77c20000 - 0x77dba000 	C:\Windows\system32\NetworkExplorer.dll
0x771c0000 - 0x77371000 	C:\Windows\SYSTEM32\SETUPAPI.dll
0x579b0000 - 0x579b9000 	C:\Windows\System32\drprov.dll
0x72b30000 - 0x72b75000 	C:\Windows\System32\WINSTA.dll
0x56be0000 - 0x56bf2000 	C:\Windows\System32\ntlanman.dll
0x52ef0000 - 0x52f0a000 	C:\Windows\System32\davclnt.dll
0x52ee0000 - 0x52eea000 	C:\Windows\System32\DAVHLPR.dll
0x720b0000 - 0x720c1000 	C:\Windows\System32\wkscli.dll
0x70770000 - 0x7077f000 	C:\Windows\SYSTEM32\cscapi.dll
0x720f0000 - 0x720fa000 	C:\Windows\System32\netutils.dll
0x52e70000 - 0x52ede000 	C:\Windows\SYSTEM32\dlnashext.dll
0x52b10000 - 0x52b49000 	C:\Windows\System32\PlayToDevice.dll
0x570f0000 - 0x5710a000 	C:\Windows\System32\DevDispItemProvider.dll
0x575a0000 - 0x576a3000 	C:\Windows\SYSTEM32\actxprxy.dll
0x3f710000 - 0x3f8f6000 	C:\Windows\system32\wpdshext.dll
0x71360000 - 0x714d0000 	C:\Windows\WinSxS\x86_microsoft.windows.gdiplus_6595b64144ccf1df_1.1.9600.17415_none_dad8722c5bcc2d8f\gdiplus.dll
0x52a80000 - 0x52b10000 	C:\Windows\SYSTEM32\PortableDeviceApi.dll
0x75600000 - 0x7563d000 	C:\Windows\SYSTEM32\WINTRUST.dll
0x777e0000 - 0x77968000 	C:\Windows\SYSTEM32\CRYPT32.dll
0x77190000 - 0x7719e000 	C:\Windows\SYSTEM32\MSASN1.dll
0x52a40000 - 0x52a80000 	C:\Windows\system32\audiodev.dll
0x0f440000 - 0x0f6d1000 	C:\Windows\system32\WMVCore.DLL
0x06ab0000 - 0x06aed000 	C:\Windows\system32\WMASF.DLL
0x6f9e0000 - 0x6f9eb000 	C:\Windows\SYSTEM32\LINKINFO.dll
0x10000000 - 0x10018000 	C:\Program Files (x86)\pl\bin\jpl.dll
0x06f70000 - 0x0703c000 	C:\Program Files (x86)\pl\bin\libpl.dll
0x07040000 - 0x07055000 	C:\Program Files (x86)\pl\bin\pthreadVC.dll
0x0fd90000 - 0x0fdff000 	C:\Windows\SYSTEM32\MSVCP60.dll

VM Arguments:
jvm_args: -Dfile.encoding=Cp1252 
java_command: frsf.cidisi.exercise.situationCalculus.AgentDroneMain
Launcher Type: SUN_STANDARD

Environment Variables:
CLASSPATH=C:\LINGO64_13\Lingo13.jar
PATH=C:/Program Files (x86)/Java/jre1.8.0_45/bin/client;C:/Program Files (x86)/Java/jre1.8.0_45/bin;C:\ProgramData\Oracle\Java\javapath;C:\Program Files (x86)\Intel\iCLS Client\;C:\Program Files\Intel\iCLS Client\;C:\Windows\system32;C:\Windows;C:\Windows\System32\Wbem;C:\Windows\System32\WindowsPowerShell\v1.0\;C:\Program Files\Intel\Intel(R) Management Engine Components\DAL;C:\Program Files\Intel\Intel(R) Management Engine Components\IPT;C:\Program Files (x86)\Intel\Intel(R) Management Engine Components\DAL;C:\Program Files (x86)\Intel\Intel(R) Management Engine Components\IPT;C:\Program Files (x86)\Intel\OpenCL SDK\2.0\bin\x86;C:\Program Files (x86)\Intel\OpenCL SDK\2.0\bin\x64;C:\LINGO64_13\;C:\Program Files (x86)\Skype\Phone\;C:\Program Files (x86)\pl\bin;
USERNAME=Pablo
OS=Windows_NT
PROCESSOR_IDENTIFIER=Intel64 Family 6 Model 58 Stepping 9, GenuineIntel



---------------  S Y S T E M  ---------------

OS: Windows 8.1 , 64 bit Build 9600 

CPU:total 4 (2 cores per cpu, 2 threads per core) family 6 model 58 stepping 9, cmov, cx8, fxsr, mmx, sse, sse2, sse3, ssse3, sse4.1, sse4.2, popcnt, avx, erms, ht, tsc, tscinvbit, tscinv

Memory: 4k page, physical 4066584k(1231832k free), swap 4787480k(1438752k free)

vm_info: Java HotSpot(TM) Client VM (24.79-b02) for windows-x86 JRE (1.7.0_79-b15), built on Apr 10 2015 16:49:13 by "java_re" with unknown MS VC++:1600

time: Mon Jun 22 19:40:36 2015
elapsed time: 7 seconds

